<?xml version="1.0" encoding="UTF-8"?>
<!-- Generated by org.testng.reporters.JUnitXMLReporter -->
<testsuite ignored="0" hostname="LAP673" failures="0" tests="7" name="Default test" time="73.262" errors="0" timestamp="2021-01-27T10:53:30 IST">
  <testcase classname="Trial1.TestSuite" name="testcase1" time="3.118"/>
  <testcase classname="Trial1.TestSuite" name="testcase2" time="5.969"/>
  <testcase classname="Trial1.TestSuite" name="testcase3" time="7.473"/>
  <testcase classname="Trial1.TestSuite" name="testcase4" time="10.659"/>
  <testcase classname="Trial1.TestSuite" name="testcase5" time="15.318"/>
  <testcase classname="Trial1.TestSuite" name="testcase6" time="17.753"/>
  <testcase classname="Trial1.TestSuite" name="testcase7" time="12.871"/>
</testsuite> <!-- Default test -->
