<?xml version="1.0" encoding="UTF-8"?>
<testng-results ignored="0" total="7" passed="7" failed="0" skipped="0">
  <reporter-output>
  </reporter-output>
  <suite started-at="2021-01-27T10:52:16 IST" name="Default suite" finished-at="2021-01-27T10:53:30 IST" duration-ms="73262">
    <groups>
    </groups>
    <test started-at="2021-01-27T10:52:16 IST" name="Default test" finished-at="2021-01-27T10:53:30 IST" duration-ms="73262">
      <class name="Trial1.TestSuite">
        <test-method signature="testcase1()[pri:0, instance:Trial1.TestSuite@28a0fd6c]" started-at="2021-01-27T10:52:17 IST" name="testcase1" finished-at="2021-01-27T10:52:20 IST" duration-ms="3118" status="PASS">
          <reporter-output>
          </reporter-output>
        </test-method> <!-- testcase1 -->
        <test-method signature="testcase2()[pri:0, instance:Trial1.TestSuite@28a0fd6c]" started-at="2021-01-27T10:52:20 IST" name="testcase2" finished-at="2021-01-27T10:52:26 IST" duration-ms="5969" status="PASS">
          <reporter-output>
          </reporter-output>
        </test-method> <!-- testcase2 -->
        <test-method signature="testcase3()[pri:0, instance:Trial1.TestSuite@28a0fd6c]" started-at="2021-01-27T10:52:26 IST" name="testcase3" finished-at="2021-01-27T10:52:33 IST" duration-ms="7473" status="PASS">
          <reporter-output>
          </reporter-output>
        </test-method> <!-- testcase3 -->
        <test-method signature="testcase4()[pri:0, instance:Trial1.TestSuite@28a0fd6c]" started-at="2021-01-27T10:52:33 IST" name="testcase4" finished-at="2021-01-27T10:52:44 IST" duration-ms="10659" status="PASS">
          <reporter-output>
          </reporter-output>
        </test-method> <!-- testcase4 -->
        <test-method signature="testcase5()[pri:0, instance:Trial1.TestSuite@28a0fd6c]" started-at="2021-01-27T10:52:44 IST" name="testcase5" finished-at="2021-01-27T10:52:59 IST" duration-ms="15318" status="PASS">
          <reporter-output>
          </reporter-output>
        </test-method> <!-- testcase5 -->
        <test-method signature="testcase6()[pri:0, instance:Trial1.TestSuite@28a0fd6c]" started-at="2021-01-27T10:52:59 IST" name="testcase6" finished-at="2021-01-27T10:53:17 IST" duration-ms="17753" status="PASS">
          <reporter-output>
          </reporter-output>
        </test-method> <!-- testcase6 -->
        <test-method signature="testcase7()[pri:0, instance:Trial1.TestSuite@28a0fd6c]" started-at="2021-01-27T10:53:17 IST" name="testcase7" finished-at="2021-01-27T10:53:30 IST" duration-ms="12871" status="PASS">
          <reporter-output>
          </reporter-output>
        </test-method> <!-- testcase7 -->
      </class> <!-- Trial1.TestSuite -->
    </test> <!-- Default test -->
  </suite> <!-- Default suite -->
</testng-results>
